mode: set
github.com/sensu/sensu-go/js/js.go:14.37,16.2 1 0
github.com/sensu/sensu-go/js/js.go:19.66,21.2 1 0
github.com/sensu/sensu-go/js/js.go:25.51,26.35 1 0
github.com/sensu/sensu-go/js/js.go:32.2,32.12 1 0
github.com/sensu/sensu-go/js/js.go:26.35,28.17 2 0
github.com/sensu/sensu-go/js/js.go:28.17,30.4 1 0
github.com/sensu/sensu-go/js/js.go:38.107,40.36 2 0
github.com/sensu/sensu-go/js/js.go:45.2,45.38 1 0
github.com/sensu/sensu-go/js/js.go:50.2,51.16 2 0
github.com/sensu/sensu-go/js/js.go:54.2,54.26 1 0
github.com/sensu/sensu-go/js/js.go:40.36,41.46 1 0
github.com/sensu/sensu-go/js/js.go:41.46,43.4 1 0
github.com/sensu/sensu-go/js/js.go:45.38,46.47 1 0
github.com/sensu/sensu-go/js/js.go:46.47,48.4 1 0
github.com/sensu/sensu-go/js/js.go:51.16,53.3 1 0
github.com/sensu/sensu-go/js/vm_cache.go:41.34,45.2 1 1
github.com/sensu/sensu-go/js/vm_cache.go:47.28,54.2 3 1
github.com/sensu/sensu-go/js/vm_cache.go:56.27,58.2 1 1
github.com/sensu/sensu-go/js/vm_cache.go:60.30,64.6 3 1
github.com/sensu/sensu-go/js/vm_cache.go:64.6,65.10 1 1
github.com/sensu/sensu-go/js/vm_cache.go:66.17,67.10 1 1
github.com/sensu/sensu-go/js/vm_cache.go:68.19,69.12 1 1
github.com/sensu/sensu-go/js/vm_cache.go:74.26,76.26 2 1
github.com/sensu/sensu-go/js/vm_cache.go:82.2,82.18 1 1
github.com/sensu/sensu-go/js/vm_cache.go:76.26,78.53 2 1
github.com/sensu/sensu-go/js/vm_cache.go:78.53,80.4 1 1
github.com/sensu/sensu-go/js/vm_cache.go:85.41,88.2 2 0
github.com/sensu/sensu-go/js/vm_cache.go:92.60,96.9 4 1
github.com/sensu/sensu-go/js/vm_cache.go:99.2,99.22 1 1
github.com/sensu/sensu-go/js/vm_cache.go:96.9,98.3 1 1
github.com/sensu/sensu-go/js/vm_cache.go:103.56,107.9 4 1
github.com/sensu/sensu-go/js/vm_cache.go:115.2,115.15 1 1
github.com/sensu/sensu-go/js/vm_cache.go:107.9,111.46 3 1
github.com/sensu/sensu-go/js/vm_cache.go:111.46,113.4 1 1
